Mar 22 2015 22:14:16: Server started on port 9123
Mar 22 2015 22:14:41: Server started on port 9001
Mar 22 2015 22:14:49: New Client 4568 connected
Mar 22 2015 22:15:50: Server started on port 9001
Mar 22 2015 22:15:56: New Client 4568 connected
Mar 22 2015 22:18:07: Server started on port 9001
Mar 22 2015 22:18:13: New Client nlh connected
Mar 22 2015 22:19:06: Server started on port 9001
Mar 22 2015 22:19:14: New Client 58 connected
Mar 22 2015 22:20:41: Server started on port 9001
Mar 22 2015 22:20:50: New Client pop connected
Mar 22 2015 22:21:38: Server started on port 9001
Mar 22 2015 22:21:52: New Client 4568 connected
Mar 22 2015 22:23:13: New Client 56 connected
Mar 22 2015 22:24:27: Client 56 disconnecting
Mar 22 2015 22:24:40: New Client 456 connected
Mar 22 2015 22:26:14: Server started on port 9001
Mar 22 2015 22:26:23: New Client sadff connected
Mar 22 2015 22:28:12: Server started on port 9001
Mar 22 2015 22:28:21: New Client 4568 connected
Mar 22 2015 22:29:07: Server started on port 9001
Mar 22 2015 22:29:13: New Client pop connected
