Apr 05 2015 19:11:31: Error updating clients
Apr 08 2015 10:24:05: Client Kris tried to remove a Field Supe currently dispatched.
Apr 10 2015 19:51:41: Error updating clients
Apr 10 2015 19:51:51: Error updating clients
Apr 10 2015 20:03:10: Error updating clients
Apr 10 2015 20:03:10: Error updating clients
Apr 10 2015 20:03:16: Error updating clients
Apr 10 2015 20:03:16: Error updating clients
Apr 10 2015 20:05:32: Error updating clients
Apr 10 2015 20:05:32: Error updating clients
Apr 10 2015 20:06:53: Error updating clients
Apr 10 2015 20:06:53: Error updating clients
Apr 10 2015 20:17:07: Error updating clients
Apr 10 2015 20:17:07: Error updating clients
Apr 10 2015 20:17:14: Client 3456789 tried to operate on Club Dummy clubdoes not exist which does not exist
Apr 10 2015 20:17:14: Error updating clients
Apr 10 2015 20:17:14: Error updating clients
Apr 10 2015 20:17:23: Error updating clients
Apr 10 2015 20:17:23: Error updating clients
Apr 10 2015 20:17:28: Error updating clients
Apr 10 2015 20:17:28: Error updating clients
Apr 10 2015 20:17:43: Error updating clients
Apr 10 2015 20:17:43: Error updating clients
Apr 10 2015 20:17:58: Error updating clients
Apr 10 2015 20:17:58: Error updating clients
Apr 10 2015 20:19:38: Error updating clients
Apr 10 2015 20:19:38: Error updating clients
Apr 10 2015 20:19:50: Error updating clients
Apr 10 2015 20:19:50: Error updating clients
Apr 10 2015 20:20:12: Error updating clients
Apr 10 2015 20:20:12: Error updating clients
Apr 10 2015 20:20:12: Error updating clients
Apr 10 2015 20:20:14: Error updating clients
Apr 10 2015 20:20:14: Error updating clients
Apr 10 2015 20:20:14: Error updating clients
Apr 10 2015 20:20:16: Error updating clients
Apr 10 2015 20:20:16: Error updating clients
Apr 10 2015 20:20:16: Error updating clients
Apr 10 2015 21:04:56: Client ADMIN tried to dispatch a Field Supe that does not exist.
Apr 10 2015 21:04:56: Client ADMIN tried to dispatch a Field Supe that does not exist.
Apr 10 2015 21:10:25: Client ADMIN tried to dispatch a Field Supe that does not exist.
Apr 10 2015 21:10:25: Client ADMIN tried to dispatch a Field Supe that does not exist.
Apr 10 2015 21:10:25: Client ADMIN tried to dispatch a Field Supe that does not exist.
Apr 10 2015 21:10:25: Client ADMIN tried to dispatch a Field Supe that does not exist.
Apr 10 2015 21:10:26: Client ADMIN tried to dispatch a Field Supe that does not exist.
Apr 10 2015 21:10:26: Client ADMIN tried to dispatch a Field Supe that does not exist.
Apr 10 2015 21:10:26: Client ADMIN tried to dispatch a Field Supe that does not exist.
Apr 10 2015 21:10:26: Client ADMIN tried to dispatch a Field Supe that does not exist.
Apr 10 2015 21:10:26: Client ADMIN tried to dispatch a Field Supe that does not exist.
Apr 10 2015 21:10:26: Client ADMIN tried to dispatch a Field Supe that does not exist.
Apr 10 2015 21:10:27: Client ADMIN tried to dispatch a Field Supe that does not exist.
Apr 10 2015 21:10:27: Client ADMIN tried to dispatch a Field Supe that does not exist.
Apr 10 2015 21:10:27: Client ADMIN tried to dispatch a Field Supe that does not exist.
Apr 10 2015 21:10:27: Client ADMIN tried to dispatch a Field Supe that does not exist.
Apr 10 2015 21:10:27: Client ADMIN tried to dispatch a Field Supe that does not exist.
Apr 10 2015 21:10:27: Client ADMIN tried to dispatch a Field Supe that does not exist.
Apr 10 2015 21:11:20: Client ADMIN tried to dispatch a Field Supe that does not exist.
Apr 10 2015 21:12:08: Client ADMIN tried to dispatch a Field Supe that does not exist.
Apr 10 2015 21:12:08: Client ADMIN tried to dispatch a Field Supe that does not exist.
Apr 11 2015 10:31:22: Client James tried to dispatch a Field Supe that does not exist.
Apr 11 2015 10:34:58: Client Kris tried to dispatch a Field Supe that does not exist.
Apr 11 2015 11:34:44: Error updating clients
Apr 11 2015 11:35:52: Error updating clients
Apr 11 2015 11:35:52: Error updating clients
Apr 11 2015 11:38:56: Error updating clients
Apr 11 2015 11:38:56: Error updating clients
Apr 11 2015 11:41:17: Error updating clients
Apr 11 2015 11:41:17: Error updating clients
Apr 11 2015 11:41:21: Error updating clients
Apr 11 2015 11:41:21: Error updating clients
Apr 11 2015 11:42:26: Error updating clients
Apr 11 2015 11:42:26: Error updating clients
Apr 11 2015 11:44:51: Error updating clients
Apr 11 2015 11:44:51: Error updating clients
Apr 11 2015 11:45:03: Error updating clients
Apr 11 2015 11:45:03: Error updating clients
Apr 11 2015 11:46:21: Error updating clients
Apr 11 2015 11:46:21: Error updating clients
Apr 11 2015 11:46:30: Error updating clients
Apr 11 2015 11:46:30: Error updating clients
Apr 11 2015 11:46:59: Error updating clients
Apr 11 2015 11:46:59: Error updating clients
Apr 11 2015 11:47:31: Error updating clients
Apr 11 2015 11:47:31: Error updating clients
Apr 11 2015 11:47:40: Error updating clients
Apr 11 2015 11:47:40: Error updating clients
Apr 11 2015 11:49:02: Error updating clients
Apr 11 2015 11:49:02: Error updating clients
Apr 11 2015 11:49:19: Error updating clients
Apr 11 2015 11:49:19: Error updating clients
Apr 11 2015 11:53:55: Error updating clients
Apr 11 2015 11:53:55: Error updating clients
Apr 11 2015 12:16:45: Error updating clients
Apr 11 2015 12:16:45: Error updating clients
Apr 11 2015 12:16:59: Error updating clients
Apr 11 2015 12:16:59: Error updating clients
Apr 11 2015 12:18:01: Error updating clients
Apr 11 2015 12:18:01: Error updating clients
Apr 11 2015 12:18:15: Error updating clients
Apr 11 2015 12:18:15: Error updating clients
Apr 11 2015 12:18:17: Error updating clients
Apr 11 2015 12:18:17: Error updating clients
Apr 11 2015 12:18:19: Error updating clients
Apr 11 2015 12:18:19: Error updating clients
Apr 11 2015 12:18:21: Error updating clients
Apr 11 2015 12:18:21: Error updating clients
Apr 11 2015 12:19:51: Error updating clients
Apr 11 2015 12:19:51: Error updating clients
Apr 11 2015 12:20:01: Error updating clients
Apr 11 2015 12:20:01: Error updating clients
Apr 11 2015 12:21:39: Error updating clients
Apr 11 2015 12:21:39: Error updating clients
Apr 11 2015 12:21:49: Error updating clients
Apr 11 2015 12:21:49: Error updating clients
Apr 11 2015 12:21:50: Error updating clients
Apr 11 2015 12:21:50: Error updating clients
Apr 11 2015 12:21:51: Error updating clients
Apr 11 2015 12:21:51: Error updating clients
Apr 11 2015 12:22:06: Error updating clients
Apr 11 2015 12:22:06: Error updating clients
Apr 11 2015 12:22:09: Error updating clients
Apr 11 2015 12:22:09: Error updating clients
